<?xml version="1.0" encoding="UTF-8"?>
<testng-results skipped="0" failed="0" ignored="0" total="1" passed="1">
  <reporter-output>
  </reporter-output>
  <suite name="Default suite" duration-ms="20221" started-at="2018-02-11T14:30:40Z" finished-at="2018-02-11T14:31:00Z">
    <groups>
    </groups>
    <test name="Default test" duration-ms="20221" started-at="2018-02-11T14:30:40Z" finished-at="2018-02-11T14:31:00Z">
      <class name="SmartPortal.Reports2.DownloadReport">
        <test-method status="PASS" signature="greenCargoReport()[pri:0, instance:SmartPortal.Reports2.DownloadReport@6767c1fc]" name="greenCargoReport" duration-ms="20169" started-at="2018-02-11T20:00:40Z" finished-at="2018-02-11T20:01:00Z">
          <reporter-output>
          </reporter-output>
        </test-method> <!-- greenCargoReport -->
      </class> <!-- SmartPortal.Reports2.DownloadReport -->
    </test> <!-- Default test -->
  </suite> <!-- Default suite -->
</testng-results>
